{"C:\\Users\\ailto\\Desktop\\Programacao\\reactChallenge\\reactchallenge\\src\\Components\\Backdrop\\index.js": {"path":"C:\\Users\\ailto\\Desktop\\Programacao\\reactChallenge\\reactchallenge\\src\\Components\\Backdrop\\index.js","statementMap":{"0":{"start":{"line":4,"column":17},"end":{"line":10,"column":10}},"1":{"start":{"line":5,"column":2},"end":{"line":10,"column":10}}},"fnMap":{"0":{"name":"(anonymous_0)","decl":{"start":{"line":4,"column":17},"end":{"line":4,"column":18}},"loc":{"start":{"line":5,"column":2},"end":{"line":10,"column":10}},"line":5}},"branchMap":{"0":{"loc":{"start":{"line":5,"column":2},"end":{"line":10,"column":10}},"type":"cond-expr","locations":[{"start":{"line":6,"column":4},"end":{"line":9,"column":11}},{"start":{"line":10,"column":6},"end":{"line":10,"column":10}}],"line":5},"1":{"loc":{"start":{"line":8,"column":15},"end":{"line":8,"column":51}},"type":"binary-expr","locations":[{"start":{"line":8,"column":15},"end":{"line":8,"column":31}},{"start":{"line":8,"column":35},"end":{"line":8,"column":51}}],"line":8}},"s":{"0":2,"1":1},"f":{"0":1},"b":{"0":[0,1],"1":[0,0]},"_coverageSchema":"1a1c01bbd47fc00a2c39e90264f33305004495a9","hash":"389319ab0128f480dcfb81c97e80f4c1d5f9bfd8"}
,"C:\\Users\\ailto\\Desktop\\Programacao\\reactChallenge\\reactchallenge\\src\\Components\\CartItem\\index.js": {"path":"C:\\Users\\ailto\\Desktop\\Programacao\\reactChallenge\\reactchallenge\\src\\Components\\CartItem\\index.js","statementMap":{"0":{"start":{"line":3,"column":15},"end":{"line":3,"column":52}},"1":{"start":{"line":5,"column":17},"end":{"line":52,"column":1}},"2":{"start":{"line":11,"column":23},"end":{"line":11,"column":48}},"3":{"start":{"line":12,"column":2},"end":{"line":51,"column":4}},"4":{"start":{"line":33,"column":55},"end":{"line":33,"column":76}},"5":{"start":{"line":38,"column":27},"end":{"line":38,"column":53}},"6":{"start":{"line":44,"column":27},"end":{"line":44,"column":51}}},"fnMap":{"0":{"name":"(anonymous_0)","decl":{"start":{"line":5,"column":17},"end":{"line":5,"column":18}},"loc":{"start":{"line":10,"column":6},"end":{"line":52,"column":1}},"line":10},"1":{"name":"(anonymous_1)","decl":{"start":{"line":33,"column":49},"end":{"line":33,"column":50}},"loc":{"start":{"line":33,"column":55},"end":{"line":33,"column":76}},"line":33},"2":{"name":"(anonymous_2)","decl":{"start":{"line":38,"column":21},"end":{"line":38,"column":22}},"loc":{"start":{"line":38,"column":27},"end":{"line":38,"column":53}},"line":38},"3":{"name":"(anonymous_3)","decl":{"start":{"line":44,"column":21},"end":{"line":44,"column":22}},"loc":{"start":{"line":44,"column":27},"end":{"line":44,"column":51}},"line":44}},"branchMap":{},"s":{"0":0,"1":0,"2":0,"3":0,"4":0,"5":0,"6":0},"f":{"0":0,"1":0,"2":0,"3":0},"b":{}}
,"C:\\Users\\ailto\\Desktop\\Programacao\\reactChallenge\\reactchallenge\\src\\Components\\Filter\\index.js": {"path":"C:\\Users\\ailto\\Desktop\\Programacao\\reactChallenge\\reactchallenge\\src\\Components\\Filter\\index.js","statementMap":{"0":{"start":{"line":5,"column":15},"end":{"line":90,"column":1}},"1":{"start":{"line":6,"column":38},"end":{"line":6,"column":50}},"2":{"start":{"line":7,"column":26},"end":{"line":7,"column":41}},"3":{"start":{"line":8,"column":46},"end":{"line":11,"column":4}},"4":{"start":{"line":13,"column":20},"end":{"line":23,"column":3}},"5":{"start":{"line":14,"column":4},"end":{"line":22,"column":6}},"6":{"start":{"line":17,"column":10},"end":{"line":19,"column":13}},"7":{"start":{"line":18,"column":38},"end":{"line":18,"column":58}},"8":{"start":{"line":25,"column":2},"end":{"line":50,"column":35}},"9":{"start":{"line":26,"column":4},"end":{"line":49,"column":7}},"10":{"start":{"line":27,"column":6},"end":{"line":48,"column":7}},"11":{"start":{"line":27,"column":24},"end":{"line":27,"column":41}},"12":{"start":{"line":28,"column":8},"end":{"line":38,"column":10}},"13":{"start":{"line":30,"column":12},"end":{"line":36,"column":17}},"14":{"start":{"line":40,"column":8},"end":{"line":47,"column":10}},"15":{"start":{"line":52,"column":2},"end":{"line":64,"column":9}},"16":{"start":{"line":53,"column":4},"end":{"line":63,"column":5}},"17":{"start":{"line":54,"column":6},"end":{"line":57,"column":9}},"18":{"start":{"line":59,"column":6},"end":{"line":62,"column":9}},"19":{"start":{"line":66,"column":17},"end":{"line":68,"column":3}},"20":{"start":{"line":67,"column":4},"end":{"line":67,"column":19}},"21":{"start":{"line":70,"column":2},"end":{"line":89,"column":4}},"22":{"start":{"line":76,"column":27},"end":{"line":76,"column":56}},"23":{"start":{"line":85,"column":31},"end":{"line":85,"column":39}}},"fnMap":{"0":{"name":"(anonymous_0)","decl":{"start":{"line":5,"column":15},"end":{"line":5,"column":16}},"loc":{"start":{"line":5,"column":58},"end":{"line":90,"column":1}},"line":5},"1":{"name":"(anonymous_1)","decl":{"start":{"line":13,"column":20},"end":{"line":13,"column":21}},"loc":{"start":{"line":13,"column":31},"end":{"line":23,"column":3}},"line":13},"2":{"name":"(anonymous_2)","decl":{"start":{"line":16,"column":38},"end":{"line":16,"column":39}},"loc":{"start":{"line":16,"column":49},"end":{"line":20,"column":9}},"line":16},"3":{"name":"(anonymous_3)","decl":{"start":{"line":18,"column":31},"end":{"line":18,"column":32}},"loc":{"start":{"line":18,"column":38},"end":{"line":18,"column":58}},"line":18},"4":{"name":"(anonymous_4)","decl":{"start":{"line":25,"column":12},"end":{"line":25,"column":13}},"loc":{"start":{"line":25,"column":18},"end":{"line":50,"column":3}},"line":25},"5":{"name":"(anonymous_5)","decl":{"start":{"line":26,"column":15},"end":{"line":26,"column":16}},"loc":{"start":{"line":26,"column":22},"end":{"line":49,"column":5}},"line":26},"6":{"name":"(anonymous_6)","decl":{"start":{"line":27,"column":17},"end":{"line":27,"column":18}},"loc":{"start":{"line":27,"column":24},"end":{"line":27,"column":41}},"line":27},"7":{"name":"(anonymous_7)","decl":{"start":{"line":29,"column":19},"end":{"line":29,"column":20}},"loc":{"start":{"line":30,"column":12},"end":{"line":36,"column":17}},"line":30},"8":{"name":"(anonymous_8)","decl":{"start":{"line":52,"column":12},"end":{"line":52,"column":13}},"loc":{"start":{"line":52,"column":18},"end":{"line":64,"column":3}},"line":52},"9":{"name":"(anonymous_9)","decl":{"start":{"line":66,"column":17},"end":{"line":66,"column":18}},"loc":{"start":{"line":66,"column":23},"end":{"line":68,"column":3}},"line":66},"10":{"name":"(anonymous_10)","decl":{"start":{"line":76,"column":20},"end":{"line":76,"column":21}},"loc":{"start":{"line":76,"column":27},"end":{"line":76,"column":56}},"line":76},"11":{"name":"(anonymous_11)","decl":{"start":{"line":85,"column":25},"end":{"line":85,"column":26}},"loc":{"start":{"line":85,"column":31},"end":{"line":85,"column":39}},"line":85}},"branchMap":{"0":{"loc":{"start":{"line":27,"column":6},"end":{"line":48,"column":7}},"type":"if","locations":[{"start":{"line":27,"column":6},"end":{"line":48,"column":7}},{"start":{"line":27,"column":6},"end":{"line":48,"column":7}}],"line":27},"1":{"loc":{"start":{"line":30,"column":12},"end":{"line":36,"column":17}},"type":"cond-expr","locations":[{"start":{"line":31,"column":16},"end":{"line":35,"column":17}},{"start":{"line":36,"column":16},"end":{"line":36,"column":17}}],"line":30},"2":{"loc":{"start":{"line":53,"column":4},"end":{"line":63,"column":5}},"type":"if","locations":[{"start":{"line":53,"column":4},"end":{"line":63,"column":5}},{"start":{"line":53,"column":4},"end":{"line":63,"column":5}}],"line":53},"3":{"loc":{"start":{"line":80,"column":9},"end":{"line":84,"column":9}},"type":"cond-expr","locations":[{"start":{"line":81,"column":10},"end":{"line":81,"column":48}},{"start":{"line":83,"column":10},"end":{"line":83,"column":30}}],"line":80},"4":{"loc":{"start":{"line":87,"column":7},"end":{"line":87,"column":44}},"type":"binary-expr","locations":[{"start":{"line":87,"column":7},"end":{"line":87,"column":11}},{"start":{"line":87,"column":15},"end":{"line":87,"column":44}}],"line":87}},"s":{"0":0,"1":0,"2":0,"3":0,"4":0,"5":0,"6":0,"7":0,"8":0,"9":0,"10":0,"11":0,"12":0,"13":0,"14":0,"15":0,"16":0,"17":0,"18":0,"19":0,"20":0,"21":0,"22":0,"23":0},"f":{"0":0,"1":0,"2":0,"3":0,"4":0,"5":0,"6":0,"7":0,"8":0,"9":0,"10":0,"11":0},"b":{"0":[0,0],"1":[0,0],"2":[0,0],"3":[0,0],"4":[0,0]}}
,"C:\\Users\\ailto\\Desktop\\Programacao\\reactChallenge\\reactchallenge\\src\\Components\\FilterBar\\index.js": {"path":"C:\\Users\\ailto\\Desktop\\Programacao\\reactChallenge\\reactchallenge\\src\\Components\\FilterBar\\index.js","statementMap":{"0":{"start":{"line":5,"column":18},"end":{"line":21,"column":1}},"1":{"start":{"line":6,"column":2},"end":{"line":20,"column":4}},"2":{"start":{"line":13,"column":58},"end":{"line":13,"column":72}}},"fnMap":{"0":{"name":"(anonymous_0)","decl":{"start":{"line":5,"column":18},"end":{"line":5,"column":19}},"loc":{"start":{"line":5,"column":29},"end":{"line":21,"column":1}},"line":5},"1":{"name":"(anonymous_1)","decl":{"start":{"line":13,"column":52},"end":{"line":13,"column":53}},"loc":{"start":{"line":13,"column":58},"end":{"line":13,"column":72}},"line":13}},"branchMap":{},"s":{"0":1,"1":1,"2":0},"f":{"0":1,"1":0},"b":{},"_coverageSchema":"1a1c01bbd47fc00a2c39e90264f33305004495a9","hash":"8f5ac0a9bcbf0de78021543e2a7d2ca08df46b35"}
,"C:\\Users\\ailto\\Desktop\\Programacao\\reactChallenge\\reactchallenge\\src\\Components\\MenuBar\\index.js": {"path":"C:\\Users\\ailto\\Desktop\\Programacao\\reactChallenge\\reactchallenge\\src\\Components\\MenuBar\\index.js","statementMap":{"0":{"start":{"line":6,"column":16},"end":{"line":19,"column":1}},"1":{"start":{"line":7,"column":12},"end":{"line":7,"column":34}},"2":{"start":{"line":8,"column":17},"end":{"line":8,"column":57}},"3":{"start":{"line":8,"column":37},"end":{"line":8,"column":52}},"4":{"start":{"line":10,"column":2},"end":{"line":18,"column":4}},"5":{"start":{"line":13,"column":51},"end":{"line":13,"column":71}}},"fnMap":{"0":{"name":"(anonymous_0)","decl":{"start":{"line":6,"column":16},"end":{"line":6,"column":17}},"loc":{"start":{"line":6,"column":27},"end":{"line":19,"column":1}},"line":6},"1":{"name":"(anonymous_1)","decl":{"start":{"line":8,"column":26},"end":{"line":8,"column":27}},"loc":{"start":{"line":8,"column":37},"end":{"line":8,"column":52}},"line":8},"2":{"name":"(anonymous_2)","decl":{"start":{"line":13,"column":45},"end":{"line":13,"column":46}},"loc":{"start":{"line":13,"column":51},"end":{"line":13,"column":71}},"line":13}},"branchMap":{},"s":{"0":1,"1":3,"2":0,"3":0,"4":0,"5":0},"f":{"0":3,"1":0,"2":0},"b":{},"_coverageSchema":"1a1c01bbd47fc00a2c39e90264f33305004495a9","hash":"e4f13ba6b06f2b58c3e31dfe96901e6a07422686"}
,"C:\\Users\\ailto\\Desktop\\Programacao\\reactChallenge\\reactchallenge\\src\\Components\\ModalCart\\index.js": {"path":"C:\\Users\\ailto\\Desktop\\Programacao\\reactChallenge\\reactchallenge\\src\\Components\\ModalCart\\index.js","statementMap":{"0":{"start":{"line":6,"column":18},"end":{"line":70,"column":1}},"1":{"start":{"line":7,"column":12},"end":{"line":7,"column":32}},"2":{"start":{"line":8,"column":17},"end":{"line":8,"column":57}},"3":{"start":{"line":8,"column":37},"end":{"line":8,"column":52}},"4":{"start":{"line":9,"column":24},"end":{"line":9,"column":74}},"5":{"start":{"line":9,"column":44},"end":{"line":9,"column":69}},"6":{"start":{"line":11,"column":2},"end":{"line":69,"column":11}},"7":{"start":{"line":14,"column":52},"end":{"line":14,"column":70}},"8":{"start":{"line":21,"column":16},"end":{"line":27,"column":18}},"9":{"start":{"line":24,"column":42},"end":{"line":24,"column":66}},"10":{"start":{"line":25,"column":47},"end":{"line":25,"column":76}},"11":{"start":{"line":26,"column":45},"end":{"line":26,"column":72}},"12":{"start":{"line":57,"column":50},"end":{"line":57,"column":68}}},"fnMap":{"0":{"name":"(anonymous_0)","decl":{"start":{"line":6,"column":18},"end":{"line":6,"column":19}},"loc":{"start":{"line":6,"column":29},"end":{"line":70,"column":1}},"line":6},"1":{"name":"(anonymous_1)","decl":{"start":{"line":8,"column":26},"end":{"line":8,"column":27}},"loc":{"start":{"line":8,"column":37},"end":{"line":8,"column":52}},"line":8},"2":{"name":"(anonymous_2)","decl":{"start":{"line":9,"column":33},"end":{"line":9,"column":34}},"loc":{"start":{"line":9,"column":44},"end":{"line":9,"column":69}},"line":9},"3":{"name":"(anonymous_3)","decl":{"start":{"line":14,"column":46},"end":{"line":14,"column":47}},"loc":{"start":{"line":14,"column":52},"end":{"line":14,"column":70}},"line":14},"4":{"name":"(anonymous_4)","decl":{"start":{"line":20,"column":21},"end":{"line":20,"column":22}},"loc":{"start":{"line":21,"column":16},"end":{"line":27,"column":18}},"line":21},"5":{"name":"(anonymous_5)","decl":{"start":{"line":24,"column":35},"end":{"line":24,"column":36}},"loc":{"start":{"line":24,"column":42},"end":{"line":24,"column":66}},"line":24},"6":{"name":"(anonymous_6)","decl":{"start":{"line":25,"column":40},"end":{"line":25,"column":41}},"loc":{"start":{"line":25,"column":47},"end":{"line":25,"column":76}},"line":25},"7":{"name":"(anonymous_7)","decl":{"start":{"line":26,"column":38},"end":{"line":26,"column":39}},"loc":{"start":{"line":26,"column":45},"end":{"line":26,"column":72}},"line":26},"8":{"name":"(anonymous_8)","decl":{"start":{"line":57,"column":44},"end":{"line":57,"column":45}},"loc":{"start":{"line":57,"column":50},"end":{"line":57,"column":68}},"line":57}},"branchMap":{"0":{"loc":{"start":{"line":11,"column":9},"end":{"line":69,"column":10}},"type":"cond-expr","locations":[{"start":{"line":12,"column":4},"end":{"line":68,"column":5}},{"start":{"line":69,"column":6},"end":{"line":69,"column":10}}],"line":11},"1":{"loc":{"start":{"line":12,"column":4},"end":{"line":68,"column":5}},"type":"cond-expr","locations":[{"start":{"line":13,"column":6},"end":{"line":55,"column":9}},{"start":{"line":57,"column":6},"end":{"line":67,"column":12}}],"line":12},"2":{"loc":{"start":{"line":36,"column":13},"end":{"line":52,"column":13}},"type":"cond-expr","locations":[{"start":{"line":37,"column":14},"end":{"line":42,"column":17}},{"start":{"line":44,"column":14},"end":{"line":51,"column":17}}],"line":36}},"s":{"0":0,"1":0,"2":0,"3":0,"4":0,"5":0,"6":0,"7":0,"8":0,"9":0,"10":0,"11":0,"12":0},"f":{"0":0,"1":0,"2":0,"3":0,"4":0,"5":0,"6":0,"7":0,"8":0},"b":{"0":[0,0],"1":[0,0],"2":[0,0]}}
,"C:\\Users\\ailto\\Desktop\\Programacao\\reactChallenge\\reactchallenge\\src\\Components\\Products\\index.js": {"path":"C:\\Users\\ailto\\Desktop\\Programacao\\reactChallenge\\reactchallenge\\src\\Components\\Products\\index.js","statementMap":{"0":{"start":{"line":3,"column":15},"end":{"line":3,"column":52}},"1":{"start":{"line":5,"column":17},"end":{"line":52,"column":1}},"2":{"start":{"line":6,"column":23},"end":{"line":6,"column":56}},"3":{"start":{"line":7,"column":16},"end":{"line":7,"column":48}},"4":{"start":{"line":8,"column":2},"end":{"line":51,"column":4}},"5":{"start":{"line":36,"column":27},"end":{"line":36,"column":58}},"6":{"start":{"line":43,"column":27},"end":{"line":43,"column":53}}},"fnMap":{"0":{"name":"(anonymous_0)","decl":{"start":{"line":5,"column":17},"end":{"line":5,"column":18}},"loc":{"start":{"line":5,"column":27},"end":{"line":52,"column":1}},"line":5},"1":{"name":"(anonymous_1)","decl":{"start":{"line":36,"column":21},"end":{"line":36,"column":22}},"loc":{"start":{"line":36,"column":27},"end":{"line":36,"column":58}},"line":36},"2":{"name":"(anonymous_2)","decl":{"start":{"line":43,"column":21},"end":{"line":43,"column":22}},"loc":{"start":{"line":43,"column":27},"end":{"line":43,"column":53}},"line":43}},"branchMap":{"0":{"loc":{"start":{"line":35,"column":23},"end":{"line":35,"column":68}},"type":"cond-expr","locations":[{"start":{"line":35,"column":33},"end":{"line":35,"column":53}},{"start":{"line":35,"column":56},"end":{"line":35,"column":68}}],"line":35}},"s":{"0":0,"1":0,"2":0,"3":0,"4":0,"5":0,"6":0},"f":{"0":0,"1":0,"2":0},"b":{"0":[0,0]}}
,"C:\\Users\\ailto\\Desktop\\Programacao\\reactChallenge\\reactchallenge\\src\\Components\\Selector\\index.js": {"path":"C:\\Users\\ailto\\Desktop\\Programacao\\reactChallenge\\reactchallenge\\src\\Components\\Selector\\index.js","statementMap":{"0":{"start":{"line":6,"column":17},"end":{"line":28,"column":1}},"1":{"start":{"line":7,"column":2},"end":{"line":27,"column":4}},"2":{"start":{"line":11,"column":10},"end":{"line":22,"column":16}},"3":{"start":{"line":15,"column":14},"end":{"line":18,"column":16}}},"fnMap":{"0":{"name":"(anonymous_0)","decl":{"start":{"line":6,"column":17},"end":{"line":6,"column":18}},"loc":{"start":{"line":6,"column":28},"end":{"line":28,"column":1}},"line":6},"1":{"name":"(anonymous_1)","decl":{"start":{"line":10,"column":29},"end":{"line":10,"column":30}},"loc":{"start":{"line":11,"column":10},"end":{"line":22,"column":16}},"line":11},"2":{"name":"(anonymous_2)","decl":{"start":{"line":14,"column":21},"end":{"line":14,"column":22}},"loc":{"start":{"line":15,"column":14},"end":{"line":18,"column":16}},"line":15}},"branchMap":{},"s":{"0":1,"1":3,"2":0,"3":0},"f":{"0":3,"1":0,"2":0},"b":{},"_coverageSchema":"1a1c01bbd47fc00a2c39e90264f33305004495a9","hash":"721a9c08c7f99435e734e1302026bb13377b5352"}
,"C:\\Users\\ailto\\Desktop\\Programacao\\reactChallenge\\reactchallenge\\src\\Pages\\ShopPage\\index.js": {"path":"C:\\Users\\ailto\\Desktop\\Programacao\\reactChallenge\\reactchallenge\\src\\Pages\\ShopPage\\index.js","statementMap":{"0":{"start":{"line":13,"column":17},"end":{"line":191,"column":1}},"1":{"start":{"line":14,"column":27},"end":{"line":14,"column":42}},"2":{"start":{"line":15,"column":38},"end":{"line":15,"column":53}},"3":{"start":{"line":16,"column":32},"end":{"line":16,"column":44}},"4":{"start":{"line":17,"column":36},"end":{"line":17,"column":51}},"5":{"start":{"line":18,"column":34},"end":{"line":18,"column":44}},"6":{"start":{"line":20,"column":49},"end":{"line":20,"column":66}},"7":{"start":{"line":23,"column":12},"end":{"line":23,"column":17}},"8":{"start":{"line":25,"column":4},"end":{"line":32,"column":5}},"9":{"start":{"line":25,"column":17},"end":{"line":25,"column":18}},"10":{"start":{"line":26,"column":6},"end":{"line":31,"column":7}},"11":{"start":{"line":30,"column":8},"end":{"line":30,"column":40}},"12":{"start":{"line":33,"column":4},"end":{"line":33,"column":19}},"13":{"start":{"line":34,"column":4},"end":{"line":34,"column":21}},"14":{"start":{"line":38,"column":22},"end":{"line":38,"column":38}},"15":{"start":{"line":40,"column":20},"end":{"line":40,"column":59}},"16":{"start":{"line":42,"column":18},"end":{"line":42,"column":62}},"17":{"start":{"line":42,"column":42},"end":{"line":42,"column":61}},"18":{"start":{"line":43,"column":4},"end":{"line":65,"column":5}},"19":{"start":{"line":44,"column":6},"end":{"line":55,"column":8}},"20":{"start":{"line":45,"column":8},"end":{"line":54,"column":13}},"21":{"start":{"line":57,"column":6},"end":{"line":64,"column":9}},"22":{"start":{"line":66,"column":4},"end":{"line":66,"column":69}},"23":{"start":{"line":67,"column":4},"end":{"line":67,"column":37}},"24":{"start":{"line":71,"column":22},"end":{"line":71,"column":38}},"25":{"start":{"line":72,"column":20},"end":{"line":72,"column":59}},"26":{"start":{"line":73,"column":18},"end":{"line":73,"column":62}},"27":{"start":{"line":73,"column":42},"end":{"line":73,"column":61}},"28":{"start":{"line":75,"column":4},"end":{"line":101,"column":5}},"29":{"start":{"line":76,"column":6},"end":{"line":100,"column":7}},"30":{"start":{"line":77,"column":36},"end":{"line":79,"column":9}},"31":{"start":{"line":78,"column":17},"end":{"line":78,"column":36}},"32":{"start":{"line":80,"column":8},"end":{"line":83,"column":10}},"33":{"start":{"line":84,"column":8},"end":{"line":84,"column":49}},"34":{"start":{"line":86,"column":8},"end":{"line":97,"column":10}},"35":{"start":{"line":87,"column":10},"end":{"line":96,"column":15}},"36":{"start":{"line":98,"column":8},"end":{"line":98,"column":73}},"37":{"start":{"line":99,"column":8},"end":{"line":99,"column":41}},"38":{"start":{"line":105,"column":22},"end":{"line":105,"column":38}},"39":{"start":{"line":106,"column":20},"end":{"line":106,"column":59}},"40":{"start":{"line":108,"column":32},"end":{"line":108,"column":78}},"41":{"start":{"line":108,"column":58},"end":{"line":108,"column":77}},"42":{"start":{"line":110,"column":4},"end":{"line":110,"column":77}},"43":{"start":{"line":111,"column":4},"end":{"line":111,"column":37}},"44":{"start":{"line":117,"column":4},"end":{"line":121,"column":5}},"45":{"start":{"line":118,"column":6},"end":{"line":118,"column":23}},"46":{"start":{"line":120,"column":6},"end":{"line":120,"column":68}},"47":{"start":{"line":123,"column":4},"end":{"line":123,"column":23}},"48":{"start":{"line":129,"column":4},"end":{"line":137,"column":5}},"49":{"start":{"line":130,"column":6},"end":{"line":130,"column":23}},"50":{"start":{"line":132,"column":6},"end":{"line":132,"column":68}},"51":{"start":{"line":133,"column":6},"end":{"line":133,"column":60}},"52":{"start":{"line":133,"column":37},"end":{"line":133,"column":58}},"53":{"start":{"line":134,"column":6},"end":{"line":136,"column":7}},"54":{"start":{"line":135,"column":8},"end":{"line":135,"column":29}},"55":{"start":{"line":139,"column":4},"end":{"line":139,"column":13}},"56":{"start":{"line":142,"column":2},"end":{"line":190,"column":4}},"57":{"start":{"line":145,"column":30},"end":{"line":145,"column":46}},"58":{"start":{"line":146,"column":28},"end":{"line":146,"column":46}},"59":{"start":{"line":150,"column":33},"end":{"line":150,"column":41}},"60":{"start":{"line":170,"column":14},"end":{"line":176,"column":16}},"61":{"start":{"line":171,"column":40},"end":{"line":171,"column":58}},"62":{"start":{"line":172,"column":45},"end":{"line":172,"column":68}},"63":{"start":{"line":173,"column":40},"end":{"line":173,"column":58}},"64":{"start":{"line":183,"column":32},"end":{"line":183,"column":50}},"65":{"start":{"line":184,"column":37},"end":{"line":184,"column":60}},"66":{"start":{"line":185,"column":35},"end":{"line":185,"column":56}},"67":{"start":{"line":187,"column":26},"end":{"line":187,"column":45}}},"fnMap":{"0":{"name":"(anonymous_0)","decl":{"start":{"line":13,"column":17},"end":{"line":13,"column":18}},"loc":{"start":{"line":13,"column":23},"end":{"line":191,"column":1}},"line":13},"1":{"name":"filter","decl":{"start":{"line":22,"column":11},"end":{"line":22,"column":17}},"loc":{"start":{"line":22,"column":20},"end":{"line":35,"column":3}},"line":22},"2":{"name":"setLocalStorage","decl":{"start":{"line":37,"column":11},"end":{"line":37,"column":26}},"loc":{"start":{"line":37,"column":30},"end":{"line":68,"column":3}},"line":37},"3":{"name":"(anonymous_3)","decl":{"start":{"line":42,"column":35},"end":{"line":42,"column":36}},"loc":{"start":{"line":42,"column":42},"end":{"line":42,"column":61}},"line":42},"4":{"name":"(anonymous_4)","decl":{"start":{"line":44,"column":36},"end":{"line":44,"column":37}},"loc":{"start":{"line":45,"column":8},"end":{"line":54,"column":13}},"line":45},"5":{"name":"decreaseLocalStorage","decl":{"start":{"line":70,"column":11},"end":{"line":70,"column":31}},"loc":{"start":{"line":70,"column":35},"end":{"line":102,"column":3}},"line":70},"6":{"name":"(anonymous_6)","decl":{"start":{"line":73,"column":35},"end":{"line":73,"column":36}},"loc":{"start":{"line":73,"column":42},"end":{"line":73,"column":61}},"line":73},"7":{"name":"(anonymous_7)","decl":{"start":{"line":78,"column":10},"end":{"line":78,"column":11}},"loc":{"start":{"line":78,"column":17},"end":{"line":78,"column":36}},"line":78},"8":{"name":"(anonymous_8)","decl":{"start":{"line":86,"column":38},"end":{"line":86,"column":39}},"loc":{"start":{"line":87,"column":10},"end":{"line":96,"column":15}},"line":87},"9":{"name":"removeLocalStorage","decl":{"start":{"line":104,"column":11},"end":{"line":104,"column":29}},"loc":{"start":{"line":104,"column":33},"end":{"line":112,"column":3}},"line":104},"10":{"name":"(anonymous_10)","decl":{"start":{"line":108,"column":51},"end":{"line":108,"column":52}},"loc":{"start":{"line":108,"column":58},"end":{"line":108,"column":77}},"line":108},"11":{"name":"getBoughtItems","decl":{"start":{"line":114,"column":11},"end":{"line":114,"column":25}},"loc":{"start":{"line":114,"column":28},"end":{"line":124,"column":3}},"line":114},"12":{"name":"getCartQuantity","decl":{"start":{"line":126,"column":11},"end":{"line":126,"column":26}},"loc":{"start":{"line":126,"column":30},"end":{"line":140,"column":3}},"line":126},"13":{"name":"(anonymous_13)","decl":{"start":{"line":133,"column":30},"end":{"line":133,"column":31}},"loc":{"start":{"line":133,"column":37},"end":{"line":133,"column":58}},"line":133},"14":{"name":"(anonymous_14)","decl":{"start":{"line":145,"column":24},"end":{"line":145,"column":25}},"loc":{"start":{"line":145,"column":30},"end":{"line":145,"column":46}},"line":145},"15":{"name":"(anonymous_15)","decl":{"start":{"line":146,"column":22},"end":{"line":146,"column":23}},"loc":{"start":{"line":146,"column":28},"end":{"line":146,"column":46}},"line":146},"16":{"name":"(anonymous_16)","decl":{"start":{"line":150,"column":27},"end":{"line":150,"column":28}},"loc":{"start":{"line":150,"column":33},"end":{"line":150,"column":41}},"line":150},"17":{"name":"(anonymous_17)","decl":{"start":{"line":169,"column":28},"end":{"line":169,"column":29}},"loc":{"start":{"line":170,"column":14},"end":{"line":176,"column":16}},"line":170},"18":{"name":"(anonymous_18)","decl":{"start":{"line":171,"column":33},"end":{"line":171,"column":34}},"loc":{"start":{"line":171,"column":40},"end":{"line":171,"column":58}},"line":171},"19":{"name":"(anonymous_19)","decl":{"start":{"line":172,"column":38},"end":{"line":172,"column":39}},"loc":{"start":{"line":172,"column":45},"end":{"line":172,"column":68}},"line":172},"20":{"name":"(anonymous_20)","decl":{"start":{"line":173,"column":33},"end":{"line":173,"column":34}},"loc":{"start":{"line":173,"column":40},"end":{"line":173,"column":58}},"line":173},"21":{"name":"(anonymous_21)","decl":{"start":{"line":183,"column":25},"end":{"line":183,"column":26}},"loc":{"start":{"line":183,"column":32},"end":{"line":183,"column":50}},"line":183},"22":{"name":"(anonymous_22)","decl":{"start":{"line":184,"column":30},"end":{"line":184,"column":31}},"loc":{"start":{"line":184,"column":37},"end":{"line":184,"column":60}},"line":184},"23":{"name":"(anonymous_23)","decl":{"start":{"line":185,"column":28},"end":{"line":185,"column":29}},"loc":{"start":{"line":185,"column":35},"end":{"line":185,"column":56}},"line":185},"24":{"name":"(anonymous_24)","decl":{"start":{"line":187,"column":20},"end":{"line":187,"column":21}},"loc":{"start":{"line":187,"column":26},"end":{"line":187,"column":45}},"line":187}},"branchMap":{"0":{"loc":{"start":{"line":26,"column":6},"end":{"line":31,"column":7}},"type":"if","locations":[{"start":{"line":26,"column":6},"end":{"line":31,"column":7}},{"start":{"line":26,"column":6},"end":{"line":31,"column":7}}],"line":26},"1":{"loc":{"start":{"line":27,"column":8},"end":{"line":28,"column":51}},"type":"binary-expr","locations":[{"start":{"line":27,"column":8},"end":{"line":27,"column":40}},{"start":{"line":28,"column":8},"end":{"line":28,"column":51}}],"line":27},"2":{"loc":{"start":{"line":40,"column":20},"end":{"line":40,"column":59}},"type":"cond-expr","locations":[{"start":{"line":40,"column":46},"end":{"line":40,"column":47}},{"start":{"line":40,"column":50},"end":{"line":40,"column":59}}],"line":40},"3":{"loc":{"start":{"line":43,"column":4},"end":{"line":65,"column":5}},"type":"if","locations":[{"start":{"line":43,"column":4},"end":{"line":65,"column":5}},{"start":{"line":43,"column":4},"end":{"line":65,"column":5}}],"line":43},"4":{"loc":{"start":{"line":45,"column":8},"end":{"line":54,"column":13}},"type":"cond-expr","locations":[{"start":{"line":46,"column":12},"end":{"line":53,"column":13}},{"start":{"line":54,"column":12},"end":{"line":54,"column":13}}],"line":45},"5":{"loc":{"start":{"line":72,"column":20},"end":{"line":72,"column":59}},"type":"cond-expr","locations":[{"start":{"line":72,"column":46},"end":{"line":72,"column":47}},{"start":{"line":72,"column":50},"end":{"line":72,"column":59}}],"line":72},"6":{"loc":{"start":{"line":75,"column":4},"end":{"line":101,"column":5}},"type":"if","locations":[{"start":{"line":75,"column":4},"end":{"line":101,"column":5}},{"start":{"line":75,"column":4},"end":{"line":101,"column":5}}],"line":75},"7":{"loc":{"start":{"line":76,"column":6},"end":{"line":100,"column":7}},"type":"if","locations":[{"start":{"line":76,"column":6},"end":{"line":100,"column":7}},{"start":{"line":76,"column":6},"end":{"line":100,"column":7}}],"line":76},"8":{"loc":{"start":{"line":87,"column":10},"end":{"line":96,"column":15}},"type":"cond-expr","locations":[{"start":{"line":88,"column":14},"end":{"line":95,"column":15}},{"start":{"line":96,"column":14},"end":{"line":96,"column":15}}],"line":87},"9":{"loc":{"start":{"line":106,"column":20},"end":{"line":106,"column":59}},"type":"cond-expr","locations":[{"start":{"line":106,"column":46},"end":{"line":106,"column":47}},{"start":{"line":106,"column":50},"end":{"line":106,"column":59}}],"line":106},"10":{"loc":{"start":{"line":117,"column":4},"end":{"line":121,"column":5}},"type":"if","locations":[{"start":{"line":117,"column":4},"end":{"line":121,"column":5}},{"start":{"line":117,"column":4},"end":{"line":121,"column":5}}],"line":117},"11":{"loc":{"start":{"line":129,"column":4},"end":{"line":137,"column":5}},"type":"if","locations":[{"start":{"line":129,"column":4},"end":{"line":137,"column":5}},{"start":{"line":129,"column":4},"end":{"line":137,"column":5}}],"line":129},"12":{"loc":{"start":{"line":134,"column":6},"end":{"line":136,"column":7}},"type":"if","locations":[{"start":{"line":134,"column":6},"end":{"line":136,"column":7}},{"start":{"line":134,"column":6},"end":{"line":136,"column":7}}],"line":134}},"s":{"0":0,"1":0,"2":0,"3":0,"4":0,"5":0,"6":0,"7":0,"8":0,"9":0,"10":0,"11":0,"12":0,"13":0,"14":0,"15":0,"16":0,"17":0,"18":0,"19":0,"20":0,"21":0,"22":0,"23":0,"24":0,"25":0,"26":0,"27":0,"28":0,"29":0,"30":0,"31":0,"32":0,"33":0,"34":0,"35":0,"36":0,"37":0,"38":0,"39":0,"40":0,"41":0,"42":0,"43":0,"44":0,"45":0,"46":0,"47":0,"48":0,"49":0,"50":0,"51":0,"52":0,"53":0,"54":0,"55":0,"56":0,"57":0,"58":0,"59":0,"60":0,"61":0,"62":0,"63":0,"64":0,"65":0,"66":0,"67":0},"f":{"0":0,"1":0,"2":0,"3":0,"4":0,"5":0,"6":0,"7":0,"8":0,"9":0,"10":0,"11":0,"12":0,"13":0,"14":0,"15":0,"16":0,"17":0,"18":0,"19":0,"20":0,"21":0,"22":0,"23":0,"24":0},"b":{"0":[0,0],"1":[0,0],"2":[0,0],"3":[0,0],"4":[0,0],"5":[0,0],"6":[0,0],"7":[0,0],"8":[0,0],"9":[0,0],"10":[0,0],"11":[0,0],"12":[0,0]}}
}
