{"C:\\Users\\ailto\\Desktop\\Programacao\\reactChallenge\\reactChallenge\\src\\Components\\Filter\\index.js": {"path":"C:\\Users\\ailto\\Desktop\\Programacao\\reactChallenge\\reactChallenge\\src\\Components\\Filter\\index.js","statementMap":{"0":{"start":{"line":7,"column":15},"end":{"line":99,"column":1}},"1":{"start":{"line":8,"column":38},"end":{"line":8,"column":50}},"2":{"start":{"line":9,"column":26},"end":{"line":9,"column":41}},"3":{"start":{"line":10,"column":46},"end":{"line":13,"column":4}},"4":{"start":{"line":15,"column":20},"end":{"line":23,"column":3}},"5":{"start":{"line":16,"column":4},"end":{"line":22,"column":6}},"6":{"start":{"line":25,"column":2},"end":{"line":54,"column":35}},"7":{"start":{"line":27,"column":4},"end":{"line":29,"column":5}},"8":{"start":{"line":28,"column":6},"end":{"line":28,"column":13}},"9":{"start":{"line":32,"column":4},"end":{"line":53,"column":5}},"10":{"start":{"line":32,"column":28},"end":{"line":32,"column":45}},"11":{"start":{"line":33,"column":6},"end":{"line":43,"column":9}},"12":{"start":{"line":35,"column":10},"end":{"line":41,"column":15}},"13":{"start":{"line":45,"column":6},"end":{"line":52,"column":9}},"14":{"start":{"line":56,"column":2},"end":{"line":68,"column":9}},"15":{"start":{"line":57,"column":4},"end":{"line":67,"column":5}},"16":{"start":{"line":58,"column":6},"end":{"line":61,"column":9}},"17":{"start":{"line":63,"column":6},"end":{"line":66,"column":9}},"18":{"start":{"line":70,"column":17},"end":{"line":72,"column":3}},"19":{"start":{"line":71,"column":4},"end":{"line":71,"column":19}},"20":{"start":{"line":74,"column":2},"end":{"line":98,"column":4}},"21":{"start":{"line":80,"column":27},"end":{"line":80,"column":56}},"22":{"start":{"line":91,"column":52},"end":{"line":91,"column":60}}},"fnMap":{"0":{"name":"(anonymous_0)","decl":{"start":{"line":7,"column":15},"end":{"line":7,"column":16}},"loc":{"start":{"line":7,"column":66},"end":{"line":99,"column":1}},"line":7},"1":{"name":"(anonymous_1)","decl":{"start":{"line":15,"column":20},"end":{"line":15,"column":21}},"loc":{"start":{"line":15,"column":31},"end":{"line":23,"column":3}},"line":15},"2":{"name":"(anonymous_2)","decl":{"start":{"line":25,"column":12},"end":{"line":25,"column":13}},"loc":{"start":{"line":25,"column":18},"end":{"line":54,"column":3}},"line":25},"3":{"name":"(anonymous_3)","decl":{"start":{"line":32,"column":21},"end":{"line":32,"column":22}},"loc":{"start":{"line":32,"column":28},"end":{"line":32,"column":45}},"line":32},"4":{"name":"(anonymous_4)","decl":{"start":{"line":34,"column":23},"end":{"line":34,"column":24}},"loc":{"start":{"line":35,"column":10},"end":{"line":41,"column":15}},"line":35},"5":{"name":"(anonymous_5)","decl":{"start":{"line":56,"column":12},"end":{"line":56,"column":13}},"loc":{"start":{"line":56,"column":18},"end":{"line":68,"column":3}},"line":56},"6":{"name":"(anonymous_6)","decl":{"start":{"line":70,"column":17},"end":{"line":70,"column":18}},"loc":{"start":{"line":70,"column":23},"end":{"line":72,"column":3}},"line":70},"7":{"name":"(anonymous_7)","decl":{"start":{"line":80,"column":20},"end":{"line":80,"column":21}},"loc":{"start":{"line":80,"column":27},"end":{"line":80,"column":56}},"line":80},"8":{"name":"(anonymous_8)","decl":{"start":{"line":91,"column":46},"end":{"line":91,"column":47}},"loc":{"start":{"line":91,"column":52},"end":{"line":91,"column":60}},"line":91}},"branchMap":{"0":{"loc":{"start":{"line":27,"column":4},"end":{"line":29,"column":5}},"type":"if","locations":[{"start":{"line":27,"column":4},"end":{"line":29,"column":5}},{"start":{"line":27,"column":4},"end":{"line":29,"column":5}}],"line":27},"1":{"loc":{"start":{"line":32,"column":4},"end":{"line":53,"column":5}},"type":"if","locations":[{"start":{"line":32,"column":4},"end":{"line":53,"column":5}},{"start":{"line":32,"column":4},"end":{"line":53,"column":5}}],"line":32},"2":{"loc":{"start":{"line":35,"column":10},"end":{"line":41,"column":15}},"type":"cond-expr","locations":[{"start":{"line":36,"column":14},"end":{"line":40,"column":15}},{"start":{"line":41,"column":14},"end":{"line":41,"column":15}}],"line":35},"3":{"loc":{"start":{"line":57,"column":4},"end":{"line":67,"column":5}},"type":"if","locations":[{"start":{"line":57,"column":4},"end":{"line":67,"column":5}},{"start":{"line":57,"column":4},"end":{"line":67,"column":5}}],"line":57},"4":{"loc":{"start":{"line":84,"column":9},"end":{"line":90,"column":9}},"type":"cond-expr","locations":[{"start":{"line":85,"column":10},"end":{"line":87,"column":18}},{"start":{"line":89,"column":10},"end":{"line":89,"column":55}}],"line":84},"5":{"loc":{"start":{"line":96,"column":7},"end":{"line":96,"column":50}},"type":"cond-expr","locations":[{"start":{"line":96,"column":14},"end":{"line":96,"column":43}},{"start":{"line":96,"column":46},"end":{"line":96,"column":50}}],"line":96}},"s":{"0":1,"1":11,"2":11,"3":11,"4":11,"5":1,"6":11,"7":9,"8":4,"9":5,"10":5,"11":2,"12":4,"13":3,"14":11,"15":4,"16":1,"17":3,"18":11,"19":2,"20":11,"21":1,"22":2},"f":{"0":11,"1":1,"2":9,"3":5,"4":4,"5":4,"6":2,"7":1,"8":2},"b":{"0":[4,5],"1":[2,3],"2":[2,2],"3":[1,3],"4":[1,10],"5":[1,10]},"_coverageSchema":"1a1c01bbd47fc00a2c39e90264f33305004495a9","hash":"f30f8b773afcbb3cd526d0c06445f4725327f624"}
,"C:\\Users\\ailto\\Desktop\\Programacao\\reactChallenge\\reactChallenge\\src\\Components\\Selector\\index.js": {"path":"C:\\Users\\ailto\\Desktop\\Programacao\\reactChallenge\\reactChallenge\\src\\Components\\Selector\\index.js","statementMap":{"0":{"start":{"line":6,"column":17},"end":{"line":29,"column":1}},"1":{"start":{"line":7,"column":2},"end":{"line":28,"column":4}},"2":{"start":{"line":12,"column":10},"end":{"line":23,"column":16}},"3":{"start":{"line":16,"column":14},"end":{"line":19,"column":16}}},"fnMap":{"0":{"name":"(anonymous_0)","decl":{"start":{"line":6,"column":17},"end":{"line":6,"column":18}},"loc":{"start":{"line":6,"column":28},"end":{"line":29,"column":1}},"line":6},"1":{"name":"(anonymous_1)","decl":{"start":{"line":10,"column":29},"end":{"line":10,"column":30}},"loc":{"start":{"line":12,"column":10},"end":{"line":23,"column":16}},"line":12},"2":{"name":"(anonymous_2)","decl":{"start":{"line":15,"column":21},"end":{"line":15,"column":22}},"loc":{"start":{"line":16,"column":14},"end":{"line":19,"column":16}},"line":16}},"branchMap":{},"s":{"0":1,"1":1,"2":6,"3":0},"f":{"0":1,"1":6,"2":0},"b":{},"_coverageSchema":"1a1c01bbd47fc00a2c39e90264f33305004495a9","hash":"f25fff0da30862fdf916b87da97e9c2cc3c28456"}
,"C:\\Users\\ailto\\Desktop\\Programacao\\reactChallenge\\reactChallenge\\src\\Pages\\ShopPage\\index.js": {"path":"C:\\Users\\ailto\\Desktop\\Programacao\\reactChallenge\\reactChallenge\\src\\Pages\\ShopPage\\index.js","statementMap":{"0":{"start":{"line":13,"column":17},"end":{"line":192,"column":1}},"1":{"start":{"line":14,"column":27},"end":{"line":14,"column":42}},"2":{"start":{"line":15,"column":38},"end":{"line":15,"column":53}},"3":{"start":{"line":16,"column":32},"end":{"line":16,"column":44}},"4":{"start":{"line":17,"column":36},"end":{"line":17,"column":51}},"5":{"start":{"line":18,"column":34},"end":{"line":18,"column":44}},"6":{"start":{"line":20,"column":49},"end":{"line":20,"column":66}},"7":{"start":{"line":24,"column":12},"end":{"line":24,"column":17}},"8":{"start":{"line":26,"column":4},"end":{"line":33,"column":5}},"9":{"start":{"line":26,"column":17},"end":{"line":26,"column":18}},"10":{"start":{"line":27,"column":6},"end":{"line":32,"column":7}},"11":{"start":{"line":31,"column":8},"end":{"line":31,"column":40}},"12":{"start":{"line":35,"column":4},"end":{"line":35,"column":21}},"13":{"start":{"line":39,"column":22},"end":{"line":39,"column":38}},"14":{"start":{"line":41,"column":20},"end":{"line":41,"column":59}},"15":{"start":{"line":43,"column":18},"end":{"line":43,"column":62}},"16":{"start":{"line":43,"column":42},"end":{"line":43,"column":61}},"17":{"start":{"line":44,"column":4},"end":{"line":66,"column":5}},"18":{"start":{"line":45,"column":6},"end":{"line":56,"column":8}},"19":{"start":{"line":46,"column":8},"end":{"line":55,"column":13}},"20":{"start":{"line":58,"column":6},"end":{"line":65,"column":9}},"21":{"start":{"line":67,"column":4},"end":{"line":67,"column":69}},"22":{"start":{"line":68,"column":4},"end":{"line":68,"column":37}},"23":{"start":{"line":72,"column":22},"end":{"line":72,"column":38}},"24":{"start":{"line":73,"column":20},"end":{"line":73,"column":59}},"25":{"start":{"line":74,"column":18},"end":{"line":74,"column":62}},"26":{"start":{"line":74,"column":42},"end":{"line":74,"column":61}},"27":{"start":{"line":76,"column":4},"end":{"line":102,"column":5}},"28":{"start":{"line":77,"column":6},"end":{"line":101,"column":7}},"29":{"start":{"line":78,"column":36},"end":{"line":80,"column":9}},"30":{"start":{"line":79,"column":17},"end":{"line":79,"column":36}},"31":{"start":{"line":81,"column":8},"end":{"line":84,"column":10}},"32":{"start":{"line":85,"column":8},"end":{"line":85,"column":49}},"33":{"start":{"line":87,"column":8},"end":{"line":98,"column":10}},"34":{"start":{"line":88,"column":10},"end":{"line":97,"column":15}},"35":{"start":{"line":99,"column":8},"end":{"line":99,"column":73}},"36":{"start":{"line":100,"column":8},"end":{"line":100,"column":41}},"37":{"start":{"line":106,"column":22},"end":{"line":106,"column":38}},"38":{"start":{"line":107,"column":20},"end":{"line":107,"column":59}},"39":{"start":{"line":109,"column":32},"end":{"line":109,"column":78}},"40":{"start":{"line":109,"column":58},"end":{"line":109,"column":77}},"41":{"start":{"line":111,"column":4},"end":{"line":111,"column":77}},"42":{"start":{"line":112,"column":4},"end":{"line":112,"column":37}},"43":{"start":{"line":118,"column":4},"end":{"line":122,"column":5}},"44":{"start":{"line":119,"column":6},"end":{"line":119,"column":23}},"45":{"start":{"line":121,"column":6},"end":{"line":121,"column":68}},"46":{"start":{"line":124,"column":4},"end":{"line":124,"column":23}},"47":{"start":{"line":130,"column":4},"end":{"line":138,"column":5}},"48":{"start":{"line":131,"column":6},"end":{"line":131,"column":23}},"49":{"start":{"line":133,"column":6},"end":{"line":133,"column":68}},"50":{"start":{"line":134,"column":6},"end":{"line":134,"column":60}},"51":{"start":{"line":134,"column":37},"end":{"line":134,"column":58}},"52":{"start":{"line":135,"column":6},"end":{"line":137,"column":7}},"53":{"start":{"line":136,"column":8},"end":{"line":136,"column":29}},"54":{"start":{"line":140,"column":4},"end":{"line":140,"column":13}},"55":{"start":{"line":143,"column":2},"end":{"line":191,"column":4}},"56":{"start":{"line":146,"column":30},"end":{"line":146,"column":46}},"57":{"start":{"line":147,"column":28},"end":{"line":147,"column":46}},"58":{"start":{"line":151,"column":33},"end":{"line":151,"column":41}},"59":{"start":{"line":171,"column":14},"end":{"line":177,"column":16}},"60":{"start":{"line":172,"column":40},"end":{"line":172,"column":58}},"61":{"start":{"line":173,"column":45},"end":{"line":173,"column":68}},"62":{"start":{"line":174,"column":40},"end":{"line":174,"column":58}},"63":{"start":{"line":184,"column":32},"end":{"line":184,"column":50}},"64":{"start":{"line":185,"column":37},"end":{"line":185,"column":60}},"65":{"start":{"line":186,"column":35},"end":{"line":186,"column":56}},"66":{"start":{"line":188,"column":26},"end":{"line":188,"column":45}}},"fnMap":{"0":{"name":"(anonymous_0)","decl":{"start":{"line":13,"column":17},"end":{"line":13,"column":18}},"loc":{"start":{"line":13,"column":23},"end":{"line":192,"column":1}},"line":13},"1":{"name":"filter","decl":{"start":{"line":23,"column":11},"end":{"line":23,"column":17}},"loc":{"start":{"line":23,"column":20},"end":{"line":36,"column":3}},"line":23},"2":{"name":"setLocalStorage","decl":{"start":{"line":38,"column":11},"end":{"line":38,"column":26}},"loc":{"start":{"line":38,"column":30},"end":{"line":69,"column":3}},"line":38},"3":{"name":"(anonymous_3)","decl":{"start":{"line":43,"column":35},"end":{"line":43,"column":36}},"loc":{"start":{"line":43,"column":42},"end":{"line":43,"column":61}},"line":43},"4":{"name":"(anonymous_4)","decl":{"start":{"line":45,"column":36},"end":{"line":45,"column":37}},"loc":{"start":{"line":46,"column":8},"end":{"line":55,"column":13}},"line":46},"5":{"name":"decreaseLocalStorage","decl":{"start":{"line":71,"column":11},"end":{"line":71,"column":31}},"loc":{"start":{"line":71,"column":35},"end":{"line":103,"column":3}},"line":71},"6":{"name":"(anonymous_6)","decl":{"start":{"line":74,"column":35},"end":{"line":74,"column":36}},"loc":{"start":{"line":74,"column":42},"end":{"line":74,"column":61}},"line":74},"7":{"name":"(anonymous_7)","decl":{"start":{"line":79,"column":10},"end":{"line":79,"column":11}},"loc":{"start":{"line":79,"column":17},"end":{"line":79,"column":36}},"line":79},"8":{"name":"(anonymous_8)","decl":{"start":{"line":87,"column":38},"end":{"line":87,"column":39}},"loc":{"start":{"line":88,"column":10},"end":{"line":97,"column":15}},"line":88},"9":{"name":"removeLocalStorage","decl":{"start":{"line":105,"column":11},"end":{"line":105,"column":29}},"loc":{"start":{"line":105,"column":33},"end":{"line":113,"column":3}},"line":105},"10":{"name":"(anonymous_10)","decl":{"start":{"line":109,"column":51},"end":{"line":109,"column":52}},"loc":{"start":{"line":109,"column":58},"end":{"line":109,"column":77}},"line":109},"11":{"name":"getBoughtItems","decl":{"start":{"line":115,"column":11},"end":{"line":115,"column":25}},"loc":{"start":{"line":115,"column":28},"end":{"line":125,"column":3}},"line":115},"12":{"name":"getCartQuantity","decl":{"start":{"line":127,"column":11},"end":{"line":127,"column":26}},"loc":{"start":{"line":127,"column":30},"end":{"line":141,"column":3}},"line":127},"13":{"name":"(anonymous_13)","decl":{"start":{"line":134,"column":30},"end":{"line":134,"column":31}},"loc":{"start":{"line":134,"column":37},"end":{"line":134,"column":58}},"line":134},"14":{"name":"(anonymous_14)","decl":{"start":{"line":146,"column":24},"end":{"line":146,"column":25}},"loc":{"start":{"line":146,"column":30},"end":{"line":146,"column":46}},"line":146},"15":{"name":"(anonymous_15)","decl":{"start":{"line":147,"column":22},"end":{"line":147,"column":23}},"loc":{"start":{"line":147,"column":28},"end":{"line":147,"column":46}},"line":147},"16":{"name":"(anonymous_16)","decl":{"start":{"line":151,"column":27},"end":{"line":151,"column":28}},"loc":{"start":{"line":151,"column":33},"end":{"line":151,"column":41}},"line":151},"17":{"name":"(anonymous_17)","decl":{"start":{"line":170,"column":28},"end":{"line":170,"column":29}},"loc":{"start":{"line":171,"column":14},"end":{"line":177,"column":16}},"line":171},"18":{"name":"(anonymous_18)","decl":{"start":{"line":172,"column":33},"end":{"line":172,"column":34}},"loc":{"start":{"line":172,"column":40},"end":{"line":172,"column":58}},"line":172},"19":{"name":"(anonymous_19)","decl":{"start":{"line":173,"column":38},"end":{"line":173,"column":39}},"loc":{"start":{"line":173,"column":45},"end":{"line":173,"column":68}},"line":173},"20":{"name":"(anonymous_20)","decl":{"start":{"line":174,"column":33},"end":{"line":174,"column":34}},"loc":{"start":{"line":174,"column":40},"end":{"line":174,"column":58}},"line":174},"21":{"name":"(anonymous_21)","decl":{"start":{"line":184,"column":25},"end":{"line":184,"column":26}},"loc":{"start":{"line":184,"column":32},"end":{"line":184,"column":50}},"line":184},"22":{"name":"(anonymous_22)","decl":{"start":{"line":185,"column":30},"end":{"line":185,"column":31}},"loc":{"start":{"line":185,"column":37},"end":{"line":185,"column":60}},"line":185},"23":{"name":"(anonymous_23)","decl":{"start":{"line":186,"column":28},"end":{"line":186,"column":29}},"loc":{"start":{"line":186,"column":35},"end":{"line":186,"column":56}},"line":186},"24":{"name":"(anonymous_24)","decl":{"start":{"line":188,"column":20},"end":{"line":188,"column":21}},"loc":{"start":{"line":188,"column":26},"end":{"line":188,"column":45}},"line":188}},"branchMap":{"0":{"loc":{"start":{"line":27,"column":6},"end":{"line":32,"column":7}},"type":"if","locations":[{"start":{"line":27,"column":6},"end":{"line":32,"column":7}},{"start":{"line":27,"column":6},"end":{"line":32,"column":7}}],"line":27},"1":{"loc":{"start":{"line":28,"column":8},"end":{"line":29,"column":51}},"type":"binary-expr","locations":[{"start":{"line":28,"column":8},"end":{"line":28,"column":40}},{"start":{"line":29,"column":8},"end":{"line":29,"column":51}}],"line":28},"2":{"loc":{"start":{"line":41,"column":20},"end":{"line":41,"column":59}},"type":"cond-expr","locations":[{"start":{"line":41,"column":46},"end":{"line":41,"column":47}},{"start":{"line":41,"column":50},"end":{"line":41,"column":59}}],"line":41},"3":{"loc":{"start":{"line":44,"column":4},"end":{"line":66,"column":5}},"type":"if","locations":[{"start":{"line":44,"column":4},"end":{"line":66,"column":5}},{"start":{"line":44,"column":4},"end":{"line":66,"column":5}}],"line":44},"4":{"loc":{"start":{"line":46,"column":8},"end":{"line":55,"column":13}},"type":"cond-expr","locations":[{"start":{"line":47,"column":12},"end":{"line":54,"column":13}},{"start":{"line":55,"column":12},"end":{"line":55,"column":13}}],"line":46},"5":{"loc":{"start":{"line":73,"column":20},"end":{"line":73,"column":59}},"type":"cond-expr","locations":[{"start":{"line":73,"column":46},"end":{"line":73,"column":47}},{"start":{"line":73,"column":50},"end":{"line":73,"column":59}}],"line":73},"6":{"loc":{"start":{"line":76,"column":4},"end":{"line":102,"column":5}},"type":"if","locations":[{"start":{"line":76,"column":4},"end":{"line":102,"column":5}},{"start":{"line":76,"column":4},"end":{"line":102,"column":5}}],"line":76},"7":{"loc":{"start":{"line":77,"column":6},"end":{"line":101,"column":7}},"type":"if","locations":[{"start":{"line":77,"column":6},"end":{"line":101,"column":7}},{"start":{"line":77,"column":6},"end":{"line":101,"column":7}}],"line":77},"8":{"loc":{"start":{"line":88,"column":10},"end":{"line":97,"column":15}},"type":"cond-expr","locations":[{"start":{"line":89,"column":14},"end":{"line":96,"column":15}},{"start":{"line":97,"column":14},"end":{"line":97,"column":15}}],"line":88},"9":{"loc":{"start":{"line":107,"column":20},"end":{"line":107,"column":59}},"type":"cond-expr","locations":[{"start":{"line":107,"column":46},"end":{"line":107,"column":47}},{"start":{"line":107,"column":50},"end":{"line":107,"column":59}}],"line":107},"10":{"loc":{"start":{"line":118,"column":4},"end":{"line":122,"column":5}},"type":"if","locations":[{"start":{"line":118,"column":4},"end":{"line":122,"column":5}},{"start":{"line":118,"column":4},"end":{"line":122,"column":5}}],"line":118},"11":{"loc":{"start":{"line":130,"column":4},"end":{"line":138,"column":5}},"type":"if","locations":[{"start":{"line":130,"column":4},"end":{"line":138,"column":5}},{"start":{"line":130,"column":4},"end":{"line":138,"column":5}}],"line":130},"12":{"loc":{"start":{"line":135,"column":6},"end":{"line":137,"column":7}},"type":"if","locations":[{"start":{"line":135,"column":6},"end":{"line":137,"column":7}},{"start":{"line":135,"column":6},"end":{"line":137,"column":7}}],"line":135}},"s":{"0":0,"1":0,"2":0,"3":0,"4":0,"5":0,"6":0,"7":0,"8":0,"9":0,"10":0,"11":0,"12":0,"13":0,"14":0,"15":0,"16":0,"17":0,"18":0,"19":0,"20":0,"21":0,"22":0,"23":0,"24":0,"25":0,"26":0,"27":0,"28":0,"29":0,"30":0,"31":0,"32":0,"33":0,"34":0,"35":0,"36":0,"37":0,"38":0,"39":0,"40":0,"41":0,"42":0,"43":0,"44":0,"45":0,"46":0,"47":0,"48":0,"49":0,"50":0,"51":0,"52":0,"53":0,"54":0,"55":0,"56":0,"57":0,"58":0,"59":0,"60":0,"61":0,"62":0,"63":0,"64":0,"65":0,"66":0},"f":{"0":0,"1":0,"2":0,"3":0,"4":0,"5":0,"6":0,"7":0,"8":0,"9":0,"10":0,"11":0,"12":0,"13":0,"14":0,"15":0,"16":0,"17":0,"18":0,"19":0,"20":0,"21":0,"22":0,"23":0,"24":0},"b":{"0":[0,0],"1":[0,0],"2":[0,0],"3":[0,0],"4":[0,0],"5":[0,0],"6":[0,0],"7":[0,0],"8":[0,0],"9":[0,0],"10":[0,0],"11":[0,0],"12":[0,0]}}
}
