TN:
SF:src\Components\Filter\index.js
FN:7,(anonymous_0)
FN:15,(anonymous_1)
FN:25,(anonymous_2)
FN:32,(anonymous_3)
FN:34,(anonymous_4)
FN:56,(anonymous_5)
FN:70,(anonymous_6)
FN:80,(anonymous_7)
FN:91,(anonymous_8)
FNF:9
FNH:9
FNDA:11,(anonymous_0)
FNDA:1,(anonymous_1)
FNDA:9,(anonymous_2)
FNDA:5,(anonymous_3)
FNDA:4,(anonymous_4)
FNDA:4,(anonymous_5)
FNDA:2,(anonymous_6)
FNDA:1,(anonymous_7)
FNDA:2,(anonymous_8)
DA:7,1
DA:8,11
DA:9,11
DA:10,11
DA:15,11
DA:16,1
DA:25,11
DA:27,9
DA:28,4
DA:32,5
DA:33,2
DA:35,4
DA:45,3
DA:56,11
DA:57,4
DA:58,1
DA:63,3
DA:70,11
DA:71,2
DA:74,11
DA:80,1
DA:91,2
LF:22
LH:22
BRDA:27,0,0,4
BRDA:27,0,1,5
BRDA:32,1,0,2
BRDA:32,1,1,3
BRDA:35,2,0,2
BRDA:35,2,1,2
BRDA:57,3,0,1
BRDA:57,3,1,3
BRDA:84,4,0,1
BRDA:84,4,1,10
BRDA:96,5,0,1
BRDA:96,5,1,10
BRF:12
BRH:12
end_of_record
TN:
SF:src\Components\Selector\index.js
FN:6,(anonymous_0)
FN:10,(anonymous_1)
FN:15,(anonymous_2)
FNF:3
FNH:2
FNDA:1,(anonymous_0)
FNDA:6,(anonymous_1)
FNDA:0,(anonymous_2)
DA:6,1
DA:7,1
DA:12,6
DA:16,0
LF:4
LH:3
BRF:0
BRH:0
end_of_record
TN:
SF:src\Pages\ShopPage\index.js
FN:13,(anonymous_0)
FN:23,filter
FN:38,setLocalStorage
FN:43,(anonymous_3)
FN:45,(anonymous_4)
FN:71,decreaseLocalStorage
FN:74,(anonymous_6)
FN:79,(anonymous_7)
FN:87,(anonymous_8)
FN:105,removeLocalStorage
FN:109,(anonymous_10)
FN:115,getBoughtItems
FN:127,getCartQuantity
FN:134,(anonymous_13)
FN:146,(anonymous_14)
FN:147,(anonymous_15)
FN:151,(anonymous_16)
FN:170,(anonymous_17)
FN:172,(anonymous_18)
FN:173,(anonymous_19)
FN:174,(anonymous_20)
FN:184,(anonymous_21)
FN:185,(anonymous_22)
FN:186,(anonymous_23)
FN:188,(anonymous_24)
FNF:25
FNH:0
FNDA:0,(anonymous_0)
FNDA:0,filter
FNDA:0,setLocalStorage
FNDA:0,(anonymous_3)
FNDA:0,(anonymous_4)
FNDA:0,decreaseLocalStorage
FNDA:0,(anonymous_6)
FNDA:0,(anonymous_7)
FNDA:0,(anonymous_8)
FNDA:0,removeLocalStorage
FNDA:0,(anonymous_10)
FNDA:0,getBoughtItems
FNDA:0,getCartQuantity
FNDA:0,(anonymous_13)
FNDA:0,(anonymous_14)
FNDA:0,(anonymous_15)
FNDA:0,(anonymous_16)
FNDA:0,(anonymous_17)
FNDA:0,(anonymous_18)
FNDA:0,(anonymous_19)
FNDA:0,(anonymous_20)
FNDA:0,(anonymous_21)
FNDA:0,(anonymous_22)
FNDA:0,(anonymous_23)
FNDA:0,(anonymous_24)
DA:13,0
DA:14,0
DA:15,0
DA:16,0
DA:17,0
DA:18,0
DA:20,0
DA:24,0
DA:26,0
DA:27,0
DA:31,0
DA:35,0
DA:39,0
DA:41,0
DA:43,0
DA:44,0
DA:45,0
DA:46,0
DA:58,0
DA:67,0
DA:68,0
DA:72,0
DA:73,0
DA:74,0
DA:76,0
DA:77,0
DA:78,0
DA:79,0
DA:81,0
DA:85,0
DA:87,0
DA:88,0
DA:99,0
DA:100,0
DA:106,0
DA:107,0
DA:109,0
DA:111,0
DA:112,0
DA:118,0
DA:119,0
DA:121,0
DA:124,0
DA:130,0
DA:131,0
DA:133,0
DA:134,0
DA:135,0
DA:136,0
DA:140,0
DA:143,0
DA:146,0
DA:147,0
DA:151,0
DA:171,0
DA:172,0
DA:173,0
DA:174,0
DA:184,0
DA:185,0
DA:186,0
DA:188,0
LF:62
LH:0
BRDA:27,0,0,0
BRDA:27,0,1,0
BRDA:28,1,0,0
BRDA:28,1,1,0
BRDA:41,2,0,0
BRDA:41,2,1,0
BRDA:44,3,0,0
BRDA:44,3,1,0
BRDA:46,4,0,0
BRDA:46,4,1,0
BRDA:73,5,0,0
BRDA:73,5,1,0
BRDA:76,6,0,0
BRDA:76,6,1,0
BRDA:77,7,0,0
BRDA:77,7,1,0
BRDA:88,8,0,0
BRDA:88,8,1,0
BRDA:107,9,0,0
BRDA:107,9,1,0
BRDA:118,10,0,0
BRDA:118,10,1,0
BRDA:130,11,0,0
BRDA:130,11,1,0
BRDA:135,12,0,0
BRDA:135,12,1,0
BRF:26
BRH:0
end_of_record
